<?xml version="1.0" encoding="UTF-8"?>
<!-- Generated by org.testng.reporters.JUnitXMLReporter -->
<testsuite ignored="0" hostname="PRINCY" failures="2" tests="7" name="chrome test" time="39.473" errors="0" timestamp="2025-06-20T11:42:54 IST">
  <testcase classname="projecttesting.Logintest" name="dataprovider" time="2.541"/>
  <testcase classname="projecttesting.Adminusertest" name="adminuser" time="13.178"/>
  <testcase classname="projecttesting.Logintest" name="dataprovider" time="2.762"/>
  <testcase classname="projecttesting.Logintest" name="parameterViaLogin" time="0.0">
    <failure type="org.testng.TestNGException" message="
Parameter &amp;apos;username&amp;apos; is required by @Test on method parameterViaLogin but has not been marked @Optional or defined
in C:\Users\princ\eclipse-workspace\mainproject\parallelltesting.xml">
      <![CDATA[org.testng.TestNGException: 
Parameter 'username' is required by @Test on method parameterViaLogin but has not been marked @Optional or defined
in C:\Users\princ\eclipse-workspace\mainproject\parallelltesting.xml
at java.base/java.util.concurrent.Executors$RunnableAdapter.call(Executors.java:572)
at java.base/java.util.concurrent.FutureTask.run(FutureTask.java:317)
at java.base/java.util.concurrent.ThreadPoolExecutor.runWorker(ThreadPoolExecutor.java:1144)
at java.base/java.util.concurrent.ThreadPoolExecutor$Worker.run(ThreadPoolExecutor.java:642)
at java.base/java.lang.Thread.run(Thread.java:1583)
... Removed 12 stack frames]]>
    </failure>
  </testcase> <!-- parameterViaLogin -->
  <testcase classname="projecttesting.Logintest" name="validateWhetherUserCanAbleToLogin" time="1.76">
    <skipped/>
  </testcase> <!-- validateWhetherUserCanAbleToLogin -->
  <testcase classname="projecttesting.Logintest" name="validateWhetherUserCanAbleToLogin" time="0.118">
    <skipped/>
  </testcase> <!-- validateWhetherUserCanAbleToLogin -->
  <testcase classname="projecttesting.Logintest" name="validateWhetherUserCanAbleToLogin" time="0.091">
    <failure type="java.lang.NullPointerException" message="Cannot invoke &amp;quot;org.apache.poi.xssf.usermodel.XSSFCell.getStringCellValue()&amp;quot; because &amp;quot;c&amp;quot; is null">
      <![CDATA[java.lang.NullPointerException: Cannot invoke "org.apache.poi.xssf.usermodel.XSSFCell.getStringCellValue()" because "c" is null
at utility.ExcelUtility.getStringdata(ExcelUtility.java:26)
at projecttesting.Logintest.validateWhetherUserCanAbleToLogin(Logintest.java:24)
at java.base/java.util.concurrent.Executors$RunnableAdapter.call(Executors.java:572)
at java.base/java.util.concurrent.FutureTask.run(FutureTask.java:317)
at java.base/java.util.concurrent.ThreadPoolExecutor.runWorker(ThreadPoolExecutor.java:1144)
at java.base/java.util.concurrent.ThreadPoolExecutor$Worker.run(ThreadPoolExecutor.java:642)
at java.base/java.lang.Thread.run(Thread.java:1583)
... Removed 11 stack frames]]>
    </failure>
  </testcase> <!-- validateWhetherUserCanAbleToLogin -->
</testsuite> <!-- chrome test -->
